#
# There is insufficient memory for the Java Runtime Environment to continue.
# Native memory allocation (mmap) failed to map 266338304 bytes for G1 virtual space
# Possible reasons:
#   The system is out of physical RAM or swap space
#   The process is running with CompressedOops enabled, and the Java Heap may be blocking the growth of the native heap
# Possible solutions:
#   Reduce memory load on the system
#   Increase physical memory or swap space
#   Check if swap backing store is full
#   Decrease Java heap size (-Xmx/-Xms)
#   Decrease number of Java threads
#   Decrease Java thread stack sizes (-Xss)
#   Set larger code cache with -XX:ReservedCodeCacheSize=
#   JVM is running with Zero Based Compressed Oops mode in which the Java heap is
#     placed in the first 32GB address space. The Java Heap base address is the
#     maximum limit for the native heap growth. Please use -XX:HeapBaseMinAddress
#     to set the Java Heap base and to place the Java Heap above 32GB virtual address.
# This output file may be truncated or incomplete.
#
#  Out of Memory Error (os_windows.cpp:3548), pid=17060, tid=17252
#
# JRE version:  (17.0.5+8) (build )
# Java VM: OpenJDK 64-Bit Server VM (17.0.5+8, mixed mode, sharing, tiered, compressed oops, compressed class ptrs, g1 gc, windows-amd64)
# No core dump will be written. Minidumps are not enabled by default on client versions of Windows
#

---------------  S U M M A R Y ------------

Command Line: -Djava.library.path=C:\Program Files (x86)\Java\javafx-sdk-19\bin -Dfile.encoding=UTF-8 --module-path=E:\Eclipse-Projects\SchoolManagementSystem\bin;C:\Users\Dell\.p2\pool\plugins\org.eclipse.fx.ide.css.jfx8_3.8.0.202204150904.jar;E:\Eclipse-Projects\SchoolManagementSystem\lib\fontawesomefx-8.9.jar;E:\Eclipse-Projects\SchoolManagementSystem\lib\javafx.base.jar;E:\Eclipse-Projects\SchoolManagementSystem\lib\javafx.controls.jar;E:\Eclipse-Projects\SchoolManagementSystem\lib\javafx.fxml.jar;E:\Eclipse-Projects\SchoolManagementSystem\lib\javafx.graphics.jar;E:\Eclipse-Projects\SchoolManagementSystem\lib\javafx.media.jar;E:\Eclipse-Projects\SchoolManagementSystem\lib\javafx.swing.jar;E:\Eclipse-Projects\SchoolManagementSystem\lib\javafx.web.jar;E:\Eclipse-Projects\SchoolManagementSystem\lib\javafx-swt.jar;E:\Eclipse-Projects\SchoolManagementSystem\lib\jfoenix-9.0.1.jar;E:\Eclipse-Projects\SchoolManagementSystem\lib\mysql-connector-java-5.1.46.jar;E:\Eclipse-Projects\SchoolManagementSystem\lib\jasper\commons-beanutils-1.9.3.jar;E:\Eclipse-Projects\SchoolManagementSystem\lib\jasper\commons-collections-3.2.2.jar;E:\Eclipse-Projects\SchoolManagementSystem\lib\jasper\commons-digester-2.1.jar;E:\Eclipse-Projects\SchoolManagementSystem\lib\jasper\commons-logging-1.2.jar;E:\Eclipse-Projects\SchoolManagementSystem\lib\jasper\jdt-compiler-3.1.1.jar;E:\Eclipse-Projects\SchoolManagementSystem\lib\ojdbc10.jar -XX:+ShowCodeDetailsInExceptionMessages -Djdk.module.main=SchoolManagementSystem SchoolManagementSystem/sms.main.StartProject

Host: Intel(R) Core(TM) i7-7500U CPU @ 2.70GHz, 4 cores, 15G,  Windows 10 , 64 bit Build 19041 (10.0.19041.3636)
Time: Mon Jan 22 20:47:11 2024 Pakistan Standard Time elapsed time: 0.131476 seconds (0d 0h 0m 0s)

---------------  T H R E A D  ---------------

Current thread (0x000002804ea8ae20):  JavaThread "Unknown thread" [_thread_in_vm, id=17252, stack(0x000000ddfc900000,0x000000ddfca00000)]

Stack: [0x000000ddfc900000,0x000000ddfca00000]
Native frames: (J=compiled Java code, j=interpreted, Vv=VM code, C=native code)
V  [jvm.dll+0x676b3a]
V  [jvm.dll+0x831444]
V  [jvm.dll+0x832bee]
V  [jvm.dll+0x833253]
V  [jvm.dll+0x244ce5]
V  [jvm.dll+0x673a49]
V  [jvm.dll+0x66811a]
V  [jvm.dll+0x303ceb]
V  [jvm.dll+0x30b1e6]
V  [jvm.dll+0x35adbe]
V  [jvm.dll+0x35afef]
V  [jvm.dll+0x2dab88]
V  [jvm.dll+0x2dbaf4]
V  [jvm.dll+0x803121]
V  [jvm.dll+0x368bb1]
V  [jvm.dll+0x7e265c]
V  [jvm.dll+0x3eb17f]
V  [jvm.dll+0x3eccc1]
C  [jli.dll+0x5267]
C  [ucrtbase.dll+0x21bb2]
C  [KERNEL32.DLL+0x17344]
C  [ntdll.dll+0x526b1]


---------------  P R O C E S S  ---------------

Threads class SMR info:
_java_thread_list=0x00007ffb1fd52f18, length=0, elements={
}

Java Threads: ( => current thread )

Other Threads:
  0x000002804eaf7d40 GCTaskThread "GC Thread#0" [stack: 0x000000ddfca00000,0x000000ddfcb00000] [id=17280]
  0x000002804eb08a80 ConcurrentGCThread "G1 Main Marker" [stack: 0x000000ddfcb00000,0x000000ddfcc00000] [id=17284]
  0x000002804eb09490 ConcurrentGCThread "G1 Conc#0" [stack: 0x000000ddfcc00000,0x000000ddfcd00000] [id=17288]

[error occurred during error reporting (printing all threads), id 0xc0000005, EXCEPTION_ACCESS_VIOLATION (0xc0000005) at pc=0x00007ffb1f52b617]

VM state: not at safepoint (not fully initialized)

VM Mutex/Monitor currently owned by a thread:  ([mutex/lock_event])
[0x000002804ea865b0] Heap_lock - owner thread: 0x000002804ea8ae20

Heap address: 0x0000000702000000, size: 4064 MB, Compressed Oops mode: Zero based, Oop shift amount: 3

CDS archive(s) mapped at: [0x0000000000000000-0x0000000000000000-0x0000000000000000), size 0, SharedBaseAddress: 0x0000000800000000, ArchiveRelocationMode: 0.
Narrow klass base: 0x0000000000000000, Narrow klass shift: 0, Narrow klass range: 0x0

GC Precious Log:
<Empty>

Heap:
 garbage-first heap   total 0K, used 0K [0x0000000702000000, 0x0000000800000000)
  region size 2048K, 0 young (0K), 0 survivors (0K)

[error occurred during error reporting (printing heap information), id 0xc0000005, EXCEPTION_ACCESS_VIOLATION (0xc0000005) at pc=0x00007ffb1f90fcb9]

GC Heap History (0 events):
No events

Dll operation events (1 events):
Event: 0.095 Loaded shared library C:\Users\Dell\.p2\pool\plugins\org.eclipse.justj.openjdk.hotspot.jre.full.win32.x86_64_17.0.5.v20221102-0933\jre\bin\java.dll

Deoptimization events (0 events):
No events

Classes unloaded (0 events):
No events

Classes redefined (0 events):
No events

Internal exceptions (0 events):
No events

VM Operations (0 events):
No events

Events (0 events):
No events


Dynamic libraries:
0x00007ff656cc0000 - 0x00007ff656cce000 	C:\Users\Dell\.p2\pool\plugins\org.eclipse.justj.openjdk.hotspot.jre.full.win32.x86_64_17.0.5.v20221102-0933\jre\bin\javaw.exe
0x00007ffb8fd50000 - 0x00007ffb8ff48000 	C:\Windows\SYSTEM32\ntdll.dll
0x00007ffb8f670000 - 0x00007ffb8f72d000 	C:\Windows\System32\KERNEL32.DLL
0x00007ffb8d710000 - 0x00007ffb8da06000 	C:\Windows\System32\KERNELBASE.dll
0x00007ffb8d610000 - 0x00007ffb8d710000 	C:\Windows\System32\ucrtbase.dll
0x00007ffb815e0000 - 0x00007ffb815f7000 	C:\Users\Dell\.p2\pool\plugins\org.eclipse.justj.openjdk.hotspot.jre.full.win32.x86_64_17.0.5.v20221102-0933\jre\bin\jli.dll
0x00007ffb8e5e0000 - 0x00007ffb8e77e000 	C:\Windows\System32\USER32.dll
0x00007ffb8d5e0000 - 0x00007ffb8d602000 	C:\Windows\System32\win32u.dll
0x00007ffb8e5b0000 - 0x00007ffb8e5dc000 	C:\Windows\System32\GDI32.dll
0x00007ffb8d430000 - 0x00007ffb8d54a000 	C:\Windows\System32\gdi32full.dll
0x00007ffb8dd10000 - 0x00007ffb8ddad000 	C:\Windows\System32\msvcp_win.dll
0x00007ffb80b80000 - 0x00007ffb80b99000 	C:\Users\Dell\.p2\pool\plugins\org.eclipse.justj.openjdk.hotspot.jre.full.win32.x86_64_17.0.5.v20221102-0933\jre\bin\VCRUNTIME140.dll
0x00007ffb7d450000 - 0x00007ffb7d6ea000 	C:\Windows\WinSxS\amd64_microsoft.windows.common-controls_6595b64144ccf1df_6.0.19041.3636_none_60b6a03d71f818d5\COMCTL32.dll
0x00007ffb8f2a0000 - 0x00007ffb8f33e000 	C:\Windows\System32\msvcrt.dll
0x00007ffb8e850000 - 0x00007ffb8e880000 	C:\Windows\System32\IMM32.DLL
0x00007ffb871d0000 - 0x00007ffb871dc000 	C:\Users\Dell\.p2\pool\plugins\org.eclipse.justj.openjdk.hotspot.jre.full.win32.x86_64_17.0.5.v20221102-0933\jre\bin\vcruntime140_1.dll
0x00007ffb521f0000 - 0x00007ffb52281000 	C:\Users\Dell\.p2\pool\plugins\org.eclipse.justj.openjdk.hotspot.jre.full.win32.x86_64_17.0.5.v20221102-0933\jre\bin\msvcp140.dll
0x00007ffb1f240000 - 0x00007ffb1fe84000 	C:\Users\Dell\.p2\pool\plugins\org.eclipse.justj.openjdk.hotspot.jre.full.win32.x86_64_17.0.5.v20221102-0933\jre\bin\server\jvm.dll
0x00007ffb8ddb0000 - 0x00007ffb8de5f000 	C:\Windows\System32\ADVAPI32.dll
0x00007ffb8fbc0000 - 0x00007ffb8fc5c000 	C:\Windows\System32\sechost.dll
0x00007ffb8efd0000 - 0x00007ffb8f0f6000 	C:\Windows\System32\RPCRT4.dll
0x00007ffb7f8f0000 - 0x00007ffb7f8f9000 	C:\Windows\SYSTEM32\WSOCK32.dll
0x00007ffb8e780000 - 0x00007ffb8e7eb000 	C:\Windows\System32\WS2_32.dll
0x00007ffb7c0e0000 - 0x00007ffb7c107000 	C:\Windows\SYSTEM32\WINMM.dll
0x00007ffb7d7b0000 - 0x00007ffb7d7ba000 	C:\Windows\SYSTEM32\VERSION.dll
0x00007ffb8bc80000 - 0x00007ffb8bc92000 	C:\Windows\SYSTEM32\kernel.appcore.dll
0x00007ffb77f30000 - 0x00007ffb77f3a000 	C:\Users\Dell\.p2\pool\plugins\org.eclipse.justj.openjdk.hotspot.jre.full.win32.x86_64_17.0.5.v20221102-0933\jre\bin\jimage.dll
0x00007ffb8b950000 - 0x00007ffb8bb34000 	C:\Windows\SYSTEM32\DBGHELP.DLL
0x00007ffb81710000 - 0x00007ffb81744000 	C:\Windows\SYSTEM32\dbgcore.DLL
0x00007ffb8d550000 - 0x00007ffb8d5d2000 	C:\Windows\System32\bcryptPrimitives.dll
0x00007ffb65170000 - 0x00007ffb65195000 	C:\Users\Dell\.p2\pool\plugins\org.eclipse.justj.openjdk.hotspot.jre.full.win32.x86_64_17.0.5.v20221102-0933\jre\bin\java.dll

dbghelp: loaded successfully - version: 4.0.5 - missing functions: none
symbol engine: initialized successfully - sym options: 0x614 - pdb path: .;C:\Users\Dell\.p2\pool\plugins\org.eclipse.justj.openjdk.hotspot.jre.full.win32.x86_64_17.0.5.v20221102-0933\jre\bin;C:\Windows\SYSTEM32;C:\Windows\WinSxS\amd64_microsoft.windows.common-controls_6595b64144ccf1df_6.0.19041.3636_none_60b6a03d71f818d5;C:\Users\Dell\.p2\pool\plugins\org.eclipse.justj.openjdk.hotspot.jre.full.win32.x86_64_17.0.5.v20221102-0933\jre\bin\server

VM Arguments:
jvm_args: -Djava.library.path=C:\Program Files (x86)\Java\javafx-sdk-19\bin -Dfile.encoding=UTF-8 --module-path=E:\Eclipse-Projects\SchoolManagementSystem\bin;C:\Users\Dell\.p2\pool\plugins\org.eclipse.fx.ide.css.jfx8_3.8.0.202204150904.jar;E:\Eclipse-Projects\SchoolManagementSystem\lib\fontawesomefx-8.9.jar;E:\Eclipse-Projects\SchoolManagementSystem\lib\javafx.base.jar;E:\Eclipse-Projects\SchoolManagementSystem\lib\javafx.controls.jar;E:\Eclipse-Projects\SchoolManagementSystem\lib\javafx.fxml.jar;E:\Eclipse-Projects\SchoolManagementSystem\lib\javafx.graphics.jar;E:\Eclipse-Projects\SchoolManagementSystem\lib\javafx.media.jar;E:\Eclipse-Projects\SchoolManagementSystem\lib\javafx.swing.jar;E:\Eclipse-Projects\SchoolManagementSystem\lib\javafx.web.jar;E:\Eclipse-Projects\SchoolManagementSystem\lib\javafx-swt.jar;E:\Eclipse-Projects\SchoolManagementSystem\lib\jfoenix-9.0.1.jar;E:\Eclipse-Projects\SchoolManagementSystem\lib\mysql-connector-java-5.1.46.jar;E:\Eclipse-Projects\SchoolManagementSystem\lib\jasper\commons-beanutils-1.9.3.jar;E:\Eclipse-Projects\SchoolManagementSystem\lib\jasper\commons-collections-3.2.2.jar;E:\Eclipse-Projects\SchoolManagementSystem\lib\jasper\commons-digester-2.1.jar;E:\Eclipse-Projects\SchoolManagementSystem\lib\jasper\commons-logging-1.2.jar;E:\Eclipse-Projects\SchoolManagementSystem\lib\jasper\jdt-compiler-3.1.1.jar;E:\Eclipse-Projects\SchoolManagementSystem\lib\ojdbc10.jar -XX:+ShowCodeDetailsInExceptionMessages -Djdk.module.main=SchoolManagementSystem 
java_command: SchoolManagementSystem/sms.main.StartProject
java_class_path (initial): <not set>
Launcher Type: SUN_STANDARD

[Global flags]
     intx CICompilerCount                          = 3                                         {product} {ergonomic}
     uint ConcGCThreads                            = 1                                         {product} {ergonomic}
     uint G1ConcRefinementThreads                  = 4                                         {product} {ergonomic}
   size_t G1HeapRegionSize                         = 2097152                                   {product} {ergonomic}
    uintx GCDrainStackTargetSize                   = 64                                        {product} {ergonomic}
   size_t InitialHeapSize                          = 266338304                                 {product} {ergonomic}
   size_t MarkStackSize                            = 4194304                                   {product} {ergonomic}
   size_t MaxHeapSize                              = 4261412864                                {product} {ergonomic}
   size_t MinHeapDeltaBytes                        = 2097152                                   {product} {ergonomic}
   size_t MinHeapSize                              = 8388608                                   {product} {ergonomic}
    uintx NonNMethodCodeHeapSize                   = 5832780                                {pd product} {ergonomic}
    uintx NonProfiledCodeHeapSize                  = 122912730                              {pd product} {ergonomic}
    uintx ProfiledCodeHeapSize                     = 122912730                              {pd product} {ergonomic}
    uintx ReservedCodeCacheSize                    = 251658240                              {pd product} {ergonomic}
     bool SegmentedCodeCache                       = true                                      {product} {ergonomic}
     bool ShowCodeDetailsInExceptionMessages       = true                                   {manageable} {command line}
   size_t SoftMaxHeapSize                          = 4261412864                             {manageable} {ergonomic}
     bool UseCompressedClassPointers               = true                           {product lp64_product} {ergonomic}
     bool UseCompressedOops                        = true                           {product lp64_product} {ergonomic}
     bool UseG1GC                                  = true                                      {product} {ergonomic}
     bool UseLargePagesIndividualAllocation        = false                                  {pd product} {ergonomic}

Logging:
Log output configuration:
 #0: stdout all=warning uptime,level,tags
 #1: stderr all=off uptime,level,tags

Environment Variables:
JAVA_HOME=E:\jdk-19.0.1\lib
PATH=C:/Users/Dell/.p2/pool/plugins/org.eclipse.justj.openjdk.hotspot.jre.full.win32.x86_64_17.0.5.v20221102-0933/jre/bin/server;C:/Users/Dell/.p2/pool/plugins/org.eclipse.justj.openjdk.hotspot.jre.full.win32.x86_64_17.0.5.v20221102-0933/jre/bin;C:\Program Files\Common Files\Oracle\Java\javapath;C:\Program Files (x86)\Common Files\Oracle\Java\javapath;C:\Windows\system32;C:\Windows;C:\Windows\System32\Wbem;C:\Windows\System32\WindowsPowerShell\v1.0\;C:\Windows\System32\OpenSSH\;C:\Program Files\Git\cmd;E:\jdk-19.0.1\lib\bin;C:\Program Files\Gradle\gradle-8.0.2\bin;C:\Program Files\Graphviz\bin\dot.exe;C:\ProgramData\chocolatey\bin;"C:\MinGW\bin;C:\MinGW\msys\1.0\bin;";C:\Program Files (x86)\Windows Kits\10\Windows Performance Toolkit\;C:\Program Files\dotnet\;E:\Go\bin;C:\Program Files (x86)\Microsoft SQL Server\160\Tools\Binn\;C:\Program Files\Microsoft SQL Server\160\Tools\Binn\;C:\Program Files\Microsoft SQL Server\Client SDK\ODBC\170\Tools\Binn\;C:\Program Files\Microsoft SQL Server\160\DTS\Binn\;C:\Program Files (x86)\Microsoft SQL Server\160\DTS\Binn\;C:\Program Files\Azure Data Studio\bin;C:\Users\Dell\AppData\Local\Programs\Python\Python310\Scripts\;C:\Users\Dell\AppData\Local\Programs\Python\Python310\;C:\Users\Dell\AppData\Local\Microsoft\WindowsApps;E:\IntelliJ IDEA 2022.3\bin;C:\Users\Dell\AppData\Local\Programs\Microsoft VS Code\bin;C:\Program Files\Graphviz\bin;C:\Users\Dell\.dotnet\tools;C:\Users\Dell\go\bin;E:\qemu;C:\Users\Dell\AppData\Local\GitHubDesktop\bin;C:\Windows;
USERNAME=Dell
OS=Windows_NT
PROCESSOR_IDENTIFIER=Intel64 Family 6 Model 142 Stepping 9, GenuineIntel
TMP=C:\Users\Dell\AppData\Local\Temp
TEMP=C:\Users\Dell\AppData\Local\Temp



---------------  S Y S T E M  ---------------

OS:
 Windows 10 , 64 bit Build 19041 (10.0.19041.3636)
OS uptime: 7 days 1:31 hours

CPU: total 4 (initial active 4) (2 cores per cpu, 2 threads per core) family 6 model 142 stepping 9 microcode 0xb4, cx8, cmov, fxsr, ht, mmx, 3dnowpref, sse, sse2, sse3, ssse3, sse4.1, sse4.2, popcnt, lzcnt, tsc, tscinvbit, avx, avx2, aes, erms, clmul, bmi1, bmi2, adx, fma, vzeroupper, clflush, clflushopt

Memory: 4k page, system-wide physical 16250M (5630M free)
TotalPageFile size 20984M (AvailPageFile size 197M)
current process WorkingSet (physical memory assigned to process): 10M, peak: 10M
current process commit charge ("private bytes"): 51M, peak: 305M

vm_info: OpenJDK 64-Bit Server VM (17.0.5+8) for windows-amd64 JRE (17.0.5+8), built on Oct 19 2022 04:48:13 by "temurin" with MS VC++ 16.7 (VS2019)

END.
